Determining if the pthread_create exist failed with the following output:
Change Dir: /home/shengchen/workspace/RoboND-Home-Service-Robot/catkin_ws/build/CMakeFiles/CMakeTmp

Run Build Command:"/usr/bin/make" "cmTC_5d835/fast"
/usr/bin/make -f CMakeFiles/cmTC_5d835.dir/build.make CMakeFiles/cmTC_5d835.dir/build
make[1]: Entering directory '/home/shengchen/workspace/RoboND-Home-Service-Robot/catkin_ws/build/CMakeFiles/CMakeTmp'
Building C object CMakeFiles/cmTC_5d835.dir/CheckSymbolExists.c.o
/usr/bin/cc     -o CMakeFiles/cmTC_5d835.dir/CheckSymbolExists.c.o   -c /home/shengchen/workspace/RoboND-Home-Service-Robot/catkin_ws/build/CMakeFiles/CMakeTmp/CheckSymbolExists.c
Linking C executable cmTC_5d835
/usr/bin/cmake -E cmake_link_script CMakeFiles/cmTC_5d835.dir/link.txt --verbose=1
/usr/bin/cc       CMakeFiles/cmTC_5d835.dir/CheckSymbolExists.c.o  -o cmTC_5d835 -rdynamic 
CMakeFiles/cmTC_5d835.dir/CheckSymbolExists.c.o: In function `main':
CheckSymbolExists.c:(.text+0x16): undefined reference to `pthread_create'
collect2: error: ld returned 1 exit status
CMakeFiles/cmTC_5d835.dir/build.make:97: recipe for target 'cmTC_5d835' failed
make[1]: *** [cmTC_5d835] Error 1
make[1]: Leaving directory '/home/shengchen/workspace/RoboND-Home-Service-Robot/catkin_ws/build/CMakeFiles/CMakeTmp'
Makefile:126: recipe for target 'cmTC_5d835/fast' failed
make: *** [cmTC_5d835/fast] Error 2

File /home/shengchen/workspace/RoboND-Home-Service-Robot/catkin_ws/build/CMakeFiles/CMakeTmp/CheckSymbolExists.c:
/* */
#include <pthread.h>

int main(int argc, char** argv)
{
  (void)argv;
#ifndef pthread_create
  return ((int*)(&pthread_create))[argc];
#else
  (void)argc;
  return 0;
#endif
}

Determining if the function pthread_create exists in the pthreads failed with the following output:
Change Dir: /home/shengchen/workspace/RoboND-Home-Service-Robot/catkin_ws/build/CMakeFiles/CMakeTmp

Run Build Command:"/usr/bin/make" "cmTC_b88ff/fast"
/usr/bin/make -f CMakeFiles/cmTC_b88ff.dir/build.make CMakeFiles/cmTC_b88ff.dir/build
make[1]: Entering directory '/home/shengchen/workspace/RoboND-Home-Service-Robot/catkin_ws/build/CMakeFiles/CMakeTmp'
Building C object CMakeFiles/cmTC_b88ff.dir/CheckFunctionExists.c.o
/usr/bin/cc    -DCHECK_FUNCTION_EXISTS=pthread_create   -o CMakeFiles/cmTC_b88ff.dir/CheckFunctionExists.c.o   -c /usr/share/cmake-3.5/Modules/CheckFunctionExists.c
Linking C executable cmTC_b88ff
/usr/bin/cmake -E cmake_link_script CMakeFiles/cmTC_b88ff.dir/link.txt --verbose=1
/usr/bin/cc   -DCHECK_FUNCTION_EXISTS=pthread_create    CMakeFiles/cmTC_b88ff.dir/CheckFunctionExists.c.o  -o cmTC_b88ff -rdynamic -lpthreads 
/usr/bin/ld: cannot find -lpthreads
collect2: error: ld returned 1 exit status
CMakeFiles/cmTC_b88ff.dir/build.make:97: recipe for target 'cmTC_b88ff' failed
make[1]: *** [cmTC_b88ff] Error 1
make[1]: Leaving directory '/home/shengchen/workspace/RoboND-Home-Service-Robot/catkin_ws/build/CMakeFiles/CMakeTmp'
Makefile:126: recipe for target 'cmTC_b88ff/fast' failed
make: *** [cmTC_b88ff/fast] Error 2


